<?xml version="1.0" encoding="UTF-8"?>
<testsuite name="edu.wat.tim.lab1.Lab1ApplicationTests" tests="1" skipped="0" failures="0" errors="0" timestamp="2023-06-14T12:53:03" hostname="kali" time="0.168">
  <properties/>
  <testcase name="contextLoads()" classname="edu.wat.tim.lab1.Lab1ApplicationTests" time="0.168"/>
  <system-out><![CDATA[08:52:56.876 [Test worker] DEBUG org.springframework.boot.test.context.SpringBootTestContextBootstrapper -- Neither @ContextConfiguration nor @ContextHierarchy found for test class [Lab1ApplicationTests]: using SpringBootContextLoader
08:52:56.887 [Test worker] DEBUG org.springframework.test.context.support.AbstractContextLoader -- Could not detect default resource locations for test class [edu.wat.tim.lab1.Lab1ApplicationTests]: no resource found for suffixes {-context.xml, Context.groovy}.
08:52:56.888 [Test worker] INFO org.springframework.test.context.support.AnnotationConfigContextLoaderUtils -- Could not detect default configuration classes for test class [edu.wat.tim.lab1.Lab1ApplicationTests]: Lab1ApplicationTests does not declare any static, non-private, non-final, nested classes annotated with @Configuration.
08:52:56.926 [Test worker] DEBUG org.springframework.boot.test.context.SpringBootTestContextBootstrapper -- Using ContextCustomizers for test class [Lab1ApplicationTests]: [DisableObservabilityContextCustomizer, PropertyMappingContextCustomizer, Customizer, ExcludeFilterContextCustomizer, DuplicateJsonObjectContextCustomizer, MockitoContextCustomizer, TestRestTemplateContextCustomizer]
08:52:57.002 [Test worker] DEBUG org.springframework.context.annotation.ClassPathScanningCandidateComponentProvider -- Identified candidate component class: file [/home/kali/Desktop/TUiM-lab1/Lab1/Lab1/build/classes/java/main/edu/wat/tim/lab1/Lab1Application.class]
08:52:57.003 [Test worker] INFO org.springframework.boot.test.context.SpringBootTestContextBootstrapper -- Found @SpringBootConfiguration edu.wat.tim.lab1.Lab1Application for test class edu.wat.tim.lab1.Lab1ApplicationTests
08:52:57.120 [Test worker] DEBUG org.springframework.boot.test.context.SpringBootTestContextBootstrapper -- Using TestExecutionListeners for test class [Lab1ApplicationTests]: [ServletTestExecutionListener, DirtiesContextBeforeModesTestExecutionListener, ApplicationEventsTestExecutionListener, MockitoTestExecutionListener, DependencyInjectionTestExecutionListener, DirtiesContextTestExecutionListener, TransactionalTestExecutionListener, SqlScriptsTestExecutionListener, EventPublishingTestExecutionListener, RestDocsTestExecutionListener, MockRestServiceServerResetTestExecutionListener, MockMvcPrintOnlyOnFailureTestExecutionListener, WebDriverTestExecutionListener, MockWebServiceServerTestExecutionListener, ResetMocksTestExecutionListener]
08:52:57.121 [Test worker] DEBUG org.springframework.test.context.support.AbstractDirtiesContextTestExecutionListener -- Before test class: class [Lab1ApplicationTests], class annotated with @DirtiesContext [false] with mode [null]

  .   ____          _            __ _ _
 /\\ / ___'_ __ _ _(_)_ __  __ _ \ \ \ \
( ( )\___ | '_ | '_| | '_ \/ _` | \ \ \ \
 \\/  ___)| |_)| | | | | || (_| |  ) ) ) )
  '  |____| .__|_| |_|_| |_\__, | / / / /
 =========|_|==============|___/=/_/_/_/
 :: Spring Boot ::                (v3.0.6)

2023-06-14T08:52:57.629-04:00  INFO 17188 --- [    Test worker] edu.wat.tim.lab1.Lab1ApplicationTests    : Starting Lab1ApplicationTests using Java 17.0.5 with PID 17188 (started by kali in /home/kali/Desktop/TUiM-lab1/Lab1/Lab1)
2023-06-14T08:52:57.631-04:00  INFO 17188 --- [    Test worker] edu.wat.tim.lab1.Lab1ApplicationTests    : No active profile set, falling back to 1 default profile: "default"
2023-06-14T08:52:58.736-04:00  INFO 17188 --- [    Test worker] .s.d.r.c.RepositoryConfigurationDelegate : Bootstrapping Spring Data JPA repositories in DEFAULT mode.
2023-06-14T08:52:58.818-04:00  INFO 17188 --- [    Test worker] .s.d.r.c.RepositoryConfigurationDelegate : Finished Spring Data repository scanning in 75 ms. Found 4 JPA repository interfaces.
2023-06-14T08:52:59.362-04:00  INFO 17188 --- [    Test worker] o.hibernate.jpa.internal.util.LogHelper  : HHH000204: Processing PersistenceUnitInfo [name: default]
2023-06-14T08:52:59.401-04:00  INFO 17188 --- [    Test worker] org.hibernate.Version                    : HHH000412: Hibernate ORM core version 6.1.7.Final
2023-06-14T08:52:59.637-04:00  INFO 17188 --- [    Test worker] com.zaxxer.hikari.HikariDataSource       : HikariPool-1 - Starting...
2023-06-14T08:52:59.826-04:00  INFO 17188 --- [    Test worker] com.zaxxer.hikari.pool.HikariPool        : HikariPool-1 - Added connection conn0: url=jdbc:h2:mem:testdb user=SA
2023-06-14T08:52:59.831-04:00  INFO 17188 --- [    Test worker] com.zaxxer.hikari.HikariDataSource       : HikariPool-1 - Start completed.
2023-06-14T08:52:59.851-04:00  INFO 17188 --- [    Test worker] SQL dialect                              : HHH000400: Using dialect: org.hibernate.dialect.H2Dialect
2023-06-14T08:53:00.746-04:00  INFO 17188 --- [    Test worker] o.h.e.t.j.p.i.JtaPlatformInitiator       : HHH000490: Using JtaPlatform implementation: [org.hibernate.engine.transaction.jta.platform.internal.NoJtaPlatform]
2023-06-14T08:53:00.756-04:00  INFO 17188 --- [    Test worker] j.LocalContainerEntityManagerFactoryBean : Initialized JPA EntityManagerFactory for persistence unit 'default'
2023-06-14T08:53:01.398-04:00  WARN 17188 --- [    Test worker] JpaBaseConfiguration$JpaWebConfiguration : spring.jpa.open-in-view is enabled by default. Therefore, database queries may be performed during view rendering. Explicitly configure spring.jpa.open-in-view to disable this warning
2023-06-14T08:53:03.237-04:00  INFO 17188 --- [    Test worker] o.s.b.a.h2.H2ConsoleAutoConfiguration    : H2 console available at '/h2-console'. Database available at 'jdbc:h2:mem:testdb'
2023-06-14T08:53:03.316-04:00  INFO 17188 --- [    Test worker] edu.wat.tim.lab1.Lab1ApplicationTests    : Started Lab1ApplicationTests in 6.151 seconds (process running for 7.551)
]]></system-out>
  <system-err><![CDATA[]]></system-err>
</testsuite>
